#
# There is insufficient memory for the Java Runtime Environment to continue.
# Native memory allocation (malloc) failed to allocate 276496 bytes for Chunk::new
# Possible reasons:
#   The system is out of physical RAM or swap space
#   The process is running with CompressedOops enabled, and the Java Heap may be blocking the growth of the native heap
# Possible solutions:
#   Reduce memory load on the system
#   Increase physical memory or swap space
#   Check if swap backing store is full
#   Decrease Java heap size (-Xmx/-Xms)
#   Decrease number of Java threads
#   Decrease Java thread stack sizes (-Xss)
#   Set larger code cache with -XX:ReservedCodeCacheSize=
#   JVM is running with Zero Based Compressed Oops mode in which the Java heap is
#     placed in the first 32GB address space. The Java Heap base address is the
#     maximum limit for the native heap growth. Please use -XX:HeapBaseMinAddress
#     to set the Java Heap base and to place the Java Heap above 32GB virtual address.
# This output file may be truncated or incomplete.
#
#  Out of Memory Error (arena.cpp:195), pid=35804, tid=47860
#
# JRE version: OpenJDK Runtime Environment (16.0.2+7) (build 16.0.2+7-67)
# Java VM: OpenJDK 64-Bit Server VM (16.0.2+7-67, mixed mode, tiered, compressed oops, compressed class ptrs, g1 gc, windows-amd64)
# No core dump will be written. Minidumps are not enabled by default on client versions of Windows
#

---------------  S U M M A R Y ------------

Command Line: -Dfile.encoding=Cp1252 -XX:+ShowCodeDetailsInExceptionMessages playground.Main

Host: Intel(R) Core(TM) i7-8700 CPU @ 3.20GHz, 12 cores, 31G,  Windows 10 , 64 bit Build 19041 (10.0.19041.1202)
Time: Fri Oct 15 20:48:20 2021 Eastern Daylight Time elapsed time: 190.540987 seconds (0d 0h 3m 10s)

---------------  T H R E A D  ---------------

Current thread (0x0000023dc6096890):  JavaThread "C2 CompilerThread0" daemon [_thread_in_native, id=47860, stack(0x0000004107100000,0x0000004107200000)]


Current CompileTask:
C2: 190541 1782   !   4       java.awt.Component::firePropertyChange (59 bytes)

Stack: [0x0000004107100000,0x0000004107200000]
Native frames: (J=compiled Java code, j=interpreted, Vv=VM code, C=native code)
V  [jvm.dll+0x6681ca]
V  [jvm.dll+0x7c9e69]
V  [jvm.dll+0x7cb61e]
V  [jvm.dll+0x7cbc73]
V  [jvm.dll+0x242c55]
V  [jvm.dll+0xadeba]
V  [jvm.dll+0xae45c]
V  [jvm.dll+0x35a882]
V  [jvm.dll+0x1b9aca]
V  [jvm.dll+0x215e16]
V  [jvm.dll+0x215100]
V  [jvm.dll+0x1a1beb]
V  [jvm.dll+0x225158]
V  [jvm.dll+0x22319c]
V  [jvm.dll+0x77fa62]
V  [jvm.dll+0x7795aa]
V  [jvm.dll+0x667066]
C  [ucrtbase.dll+0x21bb2]
C  [KERNEL32.DLL+0x17034]
C  [ntdll.dll+0x52651]


---------------  P R O C E S S  ---------------

Threads class SMR info:
_java_thread_list=0x0000023dd0749aa0, length=18, elements={
0x0000023d9cec3230, 0x0000023dc6024d80, 0x0000023dc6026060, 0x0000023dc6088b50,
0x0000023dc608ae80, 0x0000023dc608d990, 0x0000023dc608e390, 0x0000023dc6096890,
0x0000023dc60971e0, 0x0000023dc60b3f30, 0x0000023dc62119c0, 0x0000023dc6223e30,
0x0000023dc64b7010, 0x0000023dc64b7530, 0x0000023dc64b7a50, 0x0000023dcff00960,
0x0000023dcffbb070, 0x0000023dd03f5830
}

Java Threads: ( => current thread )
  0x0000023d9cec3230 JavaThread "main" [_thread_in_Java, id=48072, stack(0x0000004106300000,0x0000004106400000)]
  0x0000023dc6024d80 JavaThread "Reference Handler" daemon [_thread_blocked, id=45556, stack(0x0000004106a00000,0x0000004106b00000)]
  0x0000023dc6026060 JavaThread "Finalizer" daemon [_thread_blocked, id=47236, stack(0x0000004106b00000,0x0000004106c00000)]
  0x0000023dc6088b50 JavaThread "Signal Dispatcher" daemon [_thread_blocked, id=47832, stack(0x0000004106d00000,0x0000004106e00000)]
  0x0000023dc608ae80 JavaThread "Attach Listener" daemon [_thread_blocked, id=42732, stack(0x0000004106e00000,0x0000004106f00000)]
  0x0000023dc608d990 JavaThread "Service Thread" daemon [_thread_blocked, id=40868, stack(0x0000004106f00000,0x0000004107000000)]
  0x0000023dc608e390 JavaThread "Monitor Deflation Thread" daemon [_thread_blocked, id=46944, stack(0x0000004107000000,0x0000004107100000)]
=>0x0000023dc6096890 JavaThread "C2 CompilerThread0" daemon [_thread_in_native, id=47860, stack(0x0000004107100000,0x0000004107200000)]
  0x0000023dc60971e0 JavaThread "C1 CompilerThread0" daemon [_thread_blocked, id=47948, stack(0x0000004107200000,0x0000004107300000)]
  0x0000023dc60b3f30 JavaThread "Sweeper thread" daemon [_thread_blocked, id=46652, stack(0x0000004107300000,0x0000004107400000)]
  0x0000023dc62119c0 JavaThread "Notification Thread" daemon [_thread_blocked, id=23536, stack(0x0000004107400000,0x0000004107500000)]
  0x0000023dc6223e30 JavaThread "Common-Cleaner" daemon [_thread_blocked, id=46556, stack(0x0000004107600000,0x0000004107700000)]
  0x0000023dc64b7010 JavaThread "Java2D Disposer" daemon [_thread_blocked, id=46716, stack(0x0000004107700000,0x0000004107800000)]
  0x0000023dc64b7530 JavaThread "AWT-Shutdown" [_thread_blocked, id=47804, stack(0x0000004107800000,0x0000004107900000)]
  0x0000023dc64b7a50 JavaThread "AWT-Windows" daemon [_thread_in_native, id=6356, stack(0x0000004107900000,0x0000004107a00000)]
  0x0000023dcff00960 JavaThread "AWT-EventQueue-0" [_thread_blocked, id=46504, stack(0x0000004107cd0000,0x0000004107dd0000)]
  0x0000023dcffbb070 JavaThread "D3D Screen Updater" daemon [_thread_blocked, id=36956, stack(0x0000004107dd0000,0x0000004107ed0000)]
  0x0000023dd03f5830 JavaThread "C2 CompilerThread1" daemon [_thread_in_native, id=44424, stack(0x0000004106100000,0x0000004106200000)]

Other Threads:
  0x0000023dc558afc0 VMThread "VM Thread" [stack: 0x0000004106900000,0x0000004106a00000] [id=47312]
  0x0000023dc555ad90 WatcherThread [stack: 0x0000004107500000,0x0000004107600000] [id=39036]
  0x0000023d9cf34000 GCTaskThread "GC Thread#0" [stack: 0x0000004106400000,0x0000004106500000] [id=47684]
  0x0000023dd00834c0 GCTaskThread "GC Thread#1" [stack: 0x0000004108140000,0x0000004108240000] [id=44448]
  0x0000023dd0082260 GCTaskThread "GC Thread#2" [stack: 0x0000004108240000,0x0000004108340000] [id=40136]
  0x0000023dd0081310 GCTaskThread "GC Thread#3" [stack: 0x0000004108340000,0x0000004108440000] [id=40188]
  0x0000023dd0084410 GCTaskThread "GC Thread#4" [stack: 0x0000004108440000,0x0000004108540000] [id=38328]
  0x0000023dd007d8e0 GCTaskThread "GC Thread#5" [stack: 0x0000004108540000,0x0000004108640000] [id=41036]
  0x0000023dd0084d40 GCTaskThread "GC Thread#6" [stack: 0x0000004108640000,0x0000004108740000] [id=31488]
  0x0000023dd0081620 GCTaskThread "GC Thread#7" [stack: 0x0000004108740000,0x0000004108840000] [id=47836]
  0x0000023dd0081930 GCTaskThread "GC Thread#8" [stack: 0x0000004108840000,0x0000004108940000] [id=39380]
  0x0000023dd0084720 GCTaskThread "GC Thread#9" [stack: 0x0000004108940000,0x0000004108a40000] [id=47324]
  0x0000023d9cf45010 ConcurrentGCThread "G1 Main Marker" [stack: 0x0000004106500000,0x0000004106600000] [id=47696]
  0x0000023d9cf45b00 ConcurrentGCThread "G1 Conc#0" [stack: 0x0000004106600000,0x0000004106700000] [id=38196]
  0x0000023dc5428100 ConcurrentGCThread "G1 Refine#0" [stack: 0x0000004106700000,0x0000004106800000] [id=47712]
  0x0000023dc5429c10 ConcurrentGCThread "G1 Service" [stack: 0x0000004106800000,0x0000004106900000] [id=47868]

Threads with active compile tasks:
C2 CompilerThread0   190580 1782   !   4       java.awt.Component::firePropertyChange (59 bytes)
C2 CompilerThread1   190580 1786       4       java.beans.PropertyChangeSupport::firePropertyChange (35 bytes)

VM state: not at safepoint (normal execution)

VM Mutex/Monitor currently owned by a thread: None

Heap address: 0x0000000601400000, size: 8172 MB, Compressed Oops mode: Zero based, Oop shift amount: 3

CDS disabled.
Compressed class space mapped at: 0x0000000800000000-0x0000000840000000, reserved size: 1073741824
Narrow klass base: 0x0000000800000000, Narrow klass shift: 0, Narrow klass range: 0x40000000

GC Precious Log:
 CPUs: 12 total, 12 available
 Memory: 32687M
 Large Page Support: Disabled
 NUMA Support: Disabled
 Compressed Oops: Enabled (Zero based)
 Heap Region Size: 4M
 Heap Min Capacity: 8M
 Heap Initial Capacity: 512M
 Heap Max Capacity: 8172M
 Pre-touch: Disabled
 Parallel Workers: 10
 Concurrent Workers: 3
 Concurrent Refinement Workers: 10
 Periodic GC: Disabled

Heap:
 garbage-first heap   total 524288K, used 87891K [0x0000000601400000, 0x0000000800000000)
  region size 4096K, 23 young (94208K), 1 survivors (4096K)
 Metaspace       used 13227K, committed 13440K, reserved 1064960K
  class space    used 1221K, committed 1344K, reserved 1048576K

Heap Regions: E=young(eden), S=young(survivor), O=old, HS=humongous(starts), HC=humongous(continues), CS=collection set, F=free, OA=open archive, CA=closed archive, TAMS=top-at-mark-start (previous, next)
|   0|0x0000000601400000, 0x00000006015d3600, 0x0000000601800000| 45%| O|  |TAMS 0x0000000601400000, 0x0000000601400000| Untracked 
|   1|0x0000000601800000, 0x0000000601800000, 0x0000000601c00000|  0%| F|  |TAMS 0x0000000601800000, 0x0000000601800000| Untracked 
|   2|0x0000000601c00000, 0x0000000601c00000, 0x0000000602000000|  0%| F|  |TAMS 0x0000000601c00000, 0x0000000601c00000| Untracked 
|   3|0x0000000602000000, 0x0000000602000000, 0x0000000602400000|  0%| F|  |TAMS 0x0000000602000000, 0x0000000602000000| Untracked 
|   4|0x0000000602400000, 0x0000000602400000, 0x0000000602800000|  0%| F|  |TAMS 0x0000000602400000, 0x0000000602400000| Untracked 
|   5|0x0000000602800000, 0x0000000602800000, 0x0000000602c00000|  0%| F|  |TAMS 0x0000000602800000, 0x0000000602800000| Untracked 
|   6|0x0000000602c00000, 0x0000000602c00000, 0x0000000603000000|  0%| F|  |TAMS 0x0000000602c00000, 0x0000000602c00000| Untracked 
|   7|0x0000000603000000, 0x0000000603000000, 0x0000000603400000|  0%| F|  |TAMS 0x0000000603000000, 0x0000000603000000| Untracked 
|   8|0x0000000603400000, 0x0000000603400000, 0x0000000603800000|  0%| F|  |TAMS 0x0000000603400000, 0x0000000603400000| Untracked 
|   9|0x0000000603800000, 0x0000000603800000, 0x0000000603c00000|  0%| F|  |TAMS 0x0000000603800000, 0x0000000603800000| Untracked 
|  10|0x0000000603c00000, 0x0000000603c00000, 0x0000000604000000|  0%| F|  |TAMS 0x0000000603c00000, 0x0000000603c00000| Untracked 
|  11|0x0000000604000000, 0x0000000604000000, 0x0000000604400000|  0%| F|  |TAMS 0x0000000604000000, 0x0000000604000000| Untracked 
|  12|0x0000000604400000, 0x0000000604400000, 0x0000000604800000|  0%| F|  |TAMS 0x0000000604400000, 0x0000000604400000| Untracked 
|  13|0x0000000604800000, 0x0000000604800000, 0x0000000604c00000|  0%| F|  |TAMS 0x0000000604800000, 0x0000000604800000| Untracked 
|  14|0x0000000604c00000, 0x0000000604c00000, 0x0000000605000000|  0%| F|  |TAMS 0x0000000604c00000, 0x0000000604c00000| Untracked 
|  15|0x0000000605000000, 0x0000000605000000, 0x0000000605400000|  0%| F|  |TAMS 0x0000000605000000, 0x0000000605000000| Untracked 
|  16|0x0000000605400000, 0x0000000605400000, 0x0000000605800000|  0%| F|  |TAMS 0x0000000605400000, 0x0000000605400000| Untracked 
|  17|0x0000000605800000, 0x0000000605800000, 0x0000000605c00000|  0%| F|  |TAMS 0x0000000605800000, 0x0000000605800000| Untracked 
|  18|0x0000000605c00000, 0x0000000605c00000, 0x0000000606000000|  0%| F|  |TAMS 0x0000000605c00000, 0x0000000605c00000| Untracked 
|  19|0x0000000606000000, 0x0000000606000000, 0x0000000606400000|  0%| F|  |TAMS 0x0000000606000000, 0x0000000606000000| Untracked 
|  20|0x0000000606400000, 0x0000000606400000, 0x0000000606800000|  0%| F|  |TAMS 0x0000000606400000, 0x0000000606400000| Untracked 
|  21|0x0000000606800000, 0x0000000606800000, 0x0000000606c00000|  0%| F|  |TAMS 0x0000000606800000, 0x0000000606800000| Untracked 
|  22|0x0000000606c00000, 0x0000000606c00000, 0x0000000607000000|  0%| F|  |TAMS 0x0000000606c00000, 0x0000000606c00000| Untracked 
|  23|0x0000000607000000, 0x0000000607000000, 0x0000000607400000|  0%| F|  |TAMS 0x0000000607000000, 0x0000000607000000| Untracked 
|  24|0x0000000607400000, 0x0000000607400000, 0x0000000607800000|  0%| F|  |TAMS 0x0000000607400000, 0x0000000607400000| Untracked 
|  25|0x0000000607800000, 0x0000000607800000, 0x0000000607c00000|  0%| F|  |TAMS 0x0000000607800000, 0x0000000607800000| Untracked 
|  26|0x0000000607c00000, 0x0000000607c00000, 0x0000000608000000|  0%| F|  |TAMS 0x0000000607c00000, 0x0000000607c00000| Untracked 
|  27|0x0000000608000000, 0x0000000608000000, 0x0000000608400000|  0%| F|  |TAMS 0x0000000608000000, 0x0000000608000000| Untracked 
|  28|0x0000000608400000, 0x0000000608400000, 0x0000000608800000|  0%| F|  |TAMS 0x0000000608400000, 0x0000000608400000| Untracked 
|  29|0x0000000608800000, 0x0000000608800000, 0x0000000608c00000|  0%| F|  |TAMS 0x0000000608800000, 0x0000000608800000| Untracked 
|  30|0x0000000608c00000, 0x0000000608c00000, 0x0000000609000000|  0%| F|  |TAMS 0x0000000608c00000, 0x0000000608c00000| Untracked 
|  31|0x0000000609000000, 0x0000000609000000, 0x0000000609400000|  0%| F|  |TAMS 0x0000000609000000, 0x0000000609000000| Untracked 
|  32|0x0000000609400000, 0x0000000609400000, 0x0000000609800000|  0%| F|  |TAMS 0x0000000609400000, 0x0000000609400000| Untracked 
|  33|0x0000000609800000, 0x0000000609800000, 0x0000000609c00000|  0%| F|  |TAMS 0x0000000609800000, 0x0000000609800000| Untracked 
|  34|0x0000000609c00000, 0x0000000609c00000, 0x000000060a000000|  0%| F|  |TAMS 0x0000000609c00000, 0x0000000609c00000| Untracked 
|  35|0x000000060a000000, 0x000000060a000000, 0x000000060a400000|  0%| F|  |TAMS 0x000000060a000000, 0x000000060a000000| Untracked 
|  36|0x000000060a400000, 0x000000060a400000, 0x000000060a800000|  0%| F|  |TAMS 0x000000060a400000, 0x000000060a400000| Untracked 
|  37|0x000000060a800000, 0x000000060a800000, 0x000000060ac00000|  0%| F|  |TAMS 0x000000060a800000, 0x000000060a800000| Untracked 
|  38|0x000000060ac00000, 0x000000060ac00000, 0x000000060b000000|  0%| F|  |TAMS 0x000000060ac00000, 0x000000060ac00000| Untracked 
|  39|0x000000060b000000, 0x000000060b000000, 0x000000060b400000|  0%| F|  |TAMS 0x000000060b000000, 0x000000060b000000| Untracked 
|  40|0x000000060b400000, 0x000000060b400000, 0x000000060b800000|  0%| F|  |TAMS 0x000000060b400000, 0x000000060b400000| Untracked 
|  41|0x000000060b800000, 0x000000060b800000, 0x000000060bc00000|  0%| F|  |TAMS 0x000000060b800000, 0x000000060b800000| Untracked 
|  42|0x000000060bc00000, 0x000000060bc00000, 0x000000060c000000|  0%| F|  |TAMS 0x000000060bc00000, 0x000000060bc00000| Untracked 
|  43|0x000000060c000000, 0x000000060c000000, 0x000000060c400000|  0%| F|  |TAMS 0x000000060c000000, 0x000000060c000000| Untracked 
|  44|0x000000060c400000, 0x000000060c400000, 0x000000060c800000|  0%| F|  |TAMS 0x000000060c400000, 0x000000060c400000| Untracked 
|  45|0x000000060c800000, 0x000000060c800000, 0x000000060cc00000|  0%| F|  |TAMS 0x000000060c800000, 0x000000060c800000| Untracked 
|  46|0x000000060cc00000, 0x000000060cc00000, 0x000000060d000000|  0%| F|  |TAMS 0x000000060cc00000, 0x000000060cc00000| Untracked 
|  47|0x000000060d000000, 0x000000060d000000, 0x000000060d400000|  0%| F|  |TAMS 0x000000060d000000, 0x000000060d000000| Untracked 
|  48|0x000000060d400000, 0x000000060d400000, 0x000000060d800000|  0%| F|  |TAMS 0x000000060d400000, 0x000000060d400000| Untracked 
|  49|0x000000060d800000, 0x000000060d800000, 0x000000060dc00000|  0%| F|  |TAMS 0x000000060d800000, 0x000000060d800000| Untracked 
|  50|0x000000060dc00000, 0x000000060dc00000, 0x000000060e000000|  0%| F|  |TAMS 0x000000060dc00000, 0x000000060dc00000| Untracked 
|  51|0x000000060e000000, 0x000000060e001830, 0x000000060e400000|  0%| S|CS|TAMS 0x000000060e000000, 0x000000060e000000| Complete 
|  52|0x000000060e400000, 0x000000060e400000, 0x000000060e800000|  0%| F|  |TAMS 0x000000060e400000, 0x000000060e400000| Untracked 
|  53|0x000000060e800000, 0x000000060e800000, 0x000000060ec00000|  0%| F|  |TAMS 0x000000060e800000, 0x000000060e800000| Untracked 
|  54|0x000000060ec00000, 0x000000060ec00000, 0x000000060f000000|  0%| F|  |TAMS 0x000000060ec00000, 0x000000060ec00000| Untracked 
|  55|0x000000060f000000, 0x000000060f000000, 0x000000060f400000|  0%| F|  |TAMS 0x000000060f000000, 0x000000060f000000| Untracked 
|  56|0x000000060f400000, 0x000000060f400000, 0x000000060f800000|  0%| F|  |TAMS 0x000000060f400000, 0x000000060f400000| Untracked 
|  57|0x000000060f800000, 0x000000060f800000, 0x000000060fc00000|  0%| F|  |TAMS 0x000000060f800000, 0x000000060f800000| Untracked 
|  58|0x000000060fc00000, 0x000000060fc00000, 0x0000000610000000|  0%| F|  |TAMS 0x000000060fc00000, 0x000000060fc00000| Untracked 
|  59|0x0000000610000000, 0x0000000610000000, 0x0000000610400000|  0%| F|  |TAMS 0x0000000610000000, 0x0000000610000000| Untracked 
|  60|0x0000000610400000, 0x0000000610400000, 0x0000000610800000|  0%| F|  |TAMS 0x0000000610400000, 0x0000000610400000| Untracked 
|  61|0x0000000610800000, 0x0000000610800000, 0x0000000610c00000|  0%| F|  |TAMS 0x0000000610800000, 0x0000000610800000| Untracked 
|  62|0x0000000610c00000, 0x0000000610c00000, 0x0000000611000000|  0%| F|  |TAMS 0x0000000610c00000, 0x0000000610c00000| Untracked 
|  63|0x0000000611000000, 0x0000000611000000, 0x0000000611400000|  0%| F|  |TAMS 0x0000000611000000, 0x0000000611000000| Untracked 
|  64|0x0000000611400000, 0x0000000611400000, 0x0000000611800000|  0%| F|  |TAMS 0x0000000611400000, 0x0000000611400000| Untracked 
|  65|0x0000000611800000, 0x0000000611800000, 0x0000000611c00000|  0%| F|  |TAMS 0x0000000611800000, 0x0000000611800000| Untracked 
|  66|0x0000000611c00000, 0x0000000611c00000, 0x0000000612000000|  0%| F|  |TAMS 0x0000000611c00000, 0x0000000611c00000| Untracked 
|  67|0x0000000612000000, 0x0000000612000000, 0x0000000612400000|  0%| F|  |TAMS 0x0000000612000000, 0x0000000612000000| Untracked 
|  68|0x0000000612400000, 0x0000000612400000, 0x0000000612800000|  0%| F|  |TAMS 0x0000000612400000, 0x0000000612400000| Untracked 
|  69|0x0000000612800000, 0x0000000612800000, 0x0000000612c00000|  0%| F|  |TAMS 0x0000000612800000, 0x0000000612800000| Untracked 
|  70|0x0000000612c00000, 0x0000000612c00000, 0x0000000613000000|  0%| F|  |TAMS 0x0000000612c00000, 0x0000000612c00000| Untracked 
|  71|0x0000000613000000, 0x0000000613000000, 0x0000000613400000|  0%| F|  |TAMS 0x0000000613000000, 0x0000000613000000| Untracked 
|  72|0x0000000613400000, 0x0000000613400000, 0x0000000613800000|  0%| F|  |TAMS 0x0000000613400000, 0x0000000613400000| Untracked 
|  73|0x0000000613800000, 0x0000000613800000, 0x0000000613c00000|  0%| F|  |TAMS 0x0000000613800000, 0x0000000613800000| Untracked 
|  74|0x0000000613c00000, 0x0000000613c00000, 0x0000000614000000|  0%| F|  |TAMS 0x0000000613c00000, 0x0000000613c00000| Untracked 
|  75|0x0000000614000000, 0x0000000614000000, 0x0000000614400000|  0%| F|  |TAMS 0x0000000614000000, 0x0000000614000000| Untracked 
|  76|0x0000000614400000, 0x0000000614400000, 0x0000000614800000|  0%| F|  |TAMS 0x0000000614400000, 0x0000000614400000| Untracked 
|  77|0x0000000614800000, 0x0000000614800000, 0x0000000614c00000|  0%| F|  |TAMS 0x0000000614800000, 0x0000000614800000| Untracked 
|  78|0x0000000614c00000, 0x0000000614c00000, 0x0000000615000000|  0%| F|  |TAMS 0x0000000614c00000, 0x0000000614c00000| Untracked 
|  79|0x0000000615000000, 0x0000000615000000, 0x0000000615400000|  0%| F|  |TAMS 0x0000000615000000, 0x0000000615000000| Untracked 
|  80|0x0000000615400000, 0x0000000615400000, 0x0000000615800000|  0%| F|  |TAMS 0x0000000615400000, 0x0000000615400000| Untracked 
|  81|0x0000000615800000, 0x0000000615800000, 0x0000000615c00000|  0%| F|  |TAMS 0x0000000615800000, 0x0000000615800000| Untracked 
|  82|0x0000000615c00000, 0x0000000615c00000, 0x0000000616000000|  0%| F|  |TAMS 0x0000000615c00000, 0x0000000615c00000| Untracked 
|  83|0x0000000616000000, 0x0000000616000000, 0x0000000616400000|  0%| F|  |TAMS 0x0000000616000000, 0x0000000616000000| Untracked 
|  84|0x0000000616400000, 0x0000000616400000, 0x0000000616800000|  0%| F|  |TAMS 0x0000000616400000, 0x0000000616400000| Untracked 
|  85|0x0000000616800000, 0x0000000616800000, 0x0000000616c00000|  0%| F|  |TAMS 0x0000000616800000, 0x0000000616800000| Untracked 
|  86|0x0000000616c00000, 0x0000000616c00000, 0x0000000617000000|  0%| F|  |TAMS 0x0000000616c00000, 0x0000000616c00000| Untracked 
|  87|0x0000000617000000, 0x0000000617000000, 0x0000000617400000|  0%| F|  |TAMS 0x0000000617000000, 0x0000000617000000| Untracked 
|  88|0x0000000617400000, 0x0000000617400000, 0x0000000617800000|  0%| F|  |TAMS 0x0000000617400000, 0x0000000617400000| Untracked 
|  89|0x0000000617800000, 0x0000000617800000, 0x0000000617c00000|  0%| F|  |TAMS 0x0000000617800000, 0x0000000617800000| Untracked 
|  90|0x0000000617c00000, 0x0000000617c00000, 0x0000000618000000|  0%| F|  |TAMS 0x0000000617c00000, 0x0000000617c00000| Untracked 
|  91|0x0000000618000000, 0x0000000618000000, 0x0000000618400000|  0%| F|  |TAMS 0x0000000618000000, 0x0000000618000000| Untracked 
|  92|0x0000000618400000, 0x0000000618400000, 0x0000000618800000|  0%| F|  |TAMS 0x0000000618400000, 0x0000000618400000| Untracked 
|  93|0x0000000618800000, 0x0000000618800000, 0x0000000618c00000|  0%| F|  |TAMS 0x0000000618800000, 0x0000000618800000| Untracked 
|  94|0x0000000618c00000, 0x0000000618c00000, 0x0000000619000000|  0%| F|  |TAMS 0x0000000618c00000, 0x0000000618c00000| Untracked 
|  95|0x0000000619000000, 0x0000000619000000, 0x0000000619400000|  0%| F|  |TAMS 0x0000000619000000, 0x0000000619000000| Untracked 
|  96|0x0000000619400000, 0x0000000619400000, 0x0000000619800000|  0%| F|  |TAMS 0x0000000619400000, 0x0000000619400000| Untracked 
|  97|0x0000000619800000, 0x0000000619800000, 0x0000000619c00000|  0%| F|  |TAMS 0x0000000619800000, 0x0000000619800000| Untracked 
|  98|0x0000000619c00000, 0x0000000619c00000, 0x000000061a000000|  0%| F|  |TAMS 0x0000000619c00000, 0x0000000619c00000| Untracked 
|  99|0x000000061a000000, 0x000000061a000000, 0x000000061a400000|  0%| F|  |TAMS 0x000000061a000000, 0x000000061a000000| Untracked 
| 100|0x000000061a400000, 0x000000061a400000, 0x000000061a800000|  0%| F|  |TAMS 0x000000061a400000, 0x000000061a400000| Untracked 
| 101|0x000000061a800000, 0x000000061a800000, 0x000000061ac00000|  0%| F|  |TAMS 0x000000061a800000, 0x000000061a800000| Untracked 
| 102|0x000000061ac00000, 0x000000061ac00000, 0x000000061b000000|  0%| F|  |TAMS 0x000000061ac00000, 0x000000061ac00000| Untracked 
| 103|0x000000061b000000, 0x000000061b000000, 0x000000061b400000|  0%| F|  |TAMS 0x000000061b000000, 0x000000061b000000| Untracked 
| 104|0x000000061b400000, 0x000000061b400000, 0x000000061b800000|  0%| F|  |TAMS 0x000000061b400000, 0x000000061b400000| Untracked 
| 105|0x000000061b800000, 0x000000061b800000, 0x000000061bc00000|  0%| F|  |TAMS 0x000000061b800000, 0x000000061b800000| Untracked 
| 106|0x000000061bc00000, 0x000000061be00800, 0x000000061c000000| 50%| E|  |TAMS 0x000000061bc00000, 0x000000061bc00000| Complete 
| 107|0x000000061c000000, 0x000000061c400000, 0x000000061c400000|100%| E|CS|TAMS 0x000000061c000000, 0x000000061c000000| Complete 
| 108|0x000000061c400000, 0x000000061c800000, 0x000000061c800000|100%| E|CS|TAMS 0x000000061c400000, 0x000000061c400000| Complete 
| 109|0x000000061c800000, 0x000000061cc00000, 0x000000061cc00000|100%| E|CS|TAMS 0x000000061c800000, 0x000000061c800000| Complete 
| 110|0x000000061cc00000, 0x000000061d000000, 0x000000061d000000|100%| E|CS|TAMS 0x000000061cc00000, 0x000000061cc00000| Complete 
| 111|0x000000061d000000, 0x000000061d400000, 0x000000061d400000|100%| E|CS|TAMS 0x000000061d000000, 0x000000061d000000| Complete 
| 112|0x000000061d400000, 0x000000061d800000, 0x000000061d800000|100%| E|CS|TAMS 0x000000061d400000, 0x000000061d400000| Complete 
| 113|0x000000061d800000, 0x000000061dc00000, 0x000000061dc00000|100%| E|CS|TAMS 0x000000061d800000, 0x000000061d800000| Complete 
| 114|0x000000061dc00000, 0x000000061e000000, 0x000000061e000000|100%| E|CS|TAMS 0x000000061dc00000, 0x000000061dc00000| Complete 
| 115|0x000000061e000000, 0x000000061e400000, 0x000000061e400000|100%| E|CS|TAMS 0x000000061e000000, 0x000000061e000000| Complete 
| 116|0x000000061e400000, 0x000000061e800000, 0x000000061e800000|100%| E|CS|TAMS 0x000000061e400000, 0x000000061e400000| Complete 
| 117|0x000000061e800000, 0x000000061ec00000, 0x000000061ec00000|100%| E|CS|TAMS 0x000000061e800000, 0x000000061e800000| Complete 
| 118|0x000000061ec00000, 0x000000061f000000, 0x000000061f000000|100%| E|CS|TAMS 0x000000061ec00000, 0x000000061ec00000| Complete 
| 119|0x000000061f000000, 0x000000061f400000, 0x000000061f400000|100%| E|CS|TAMS 0x000000061f000000, 0x000000061f000000| Complete 
| 120|0x000000061f400000, 0x000000061f800000, 0x000000061f800000|100%| E|CS|TAMS 0x000000061f400000, 0x000000061f400000| Complete 
| 121|0x000000061f800000, 0x000000061fc00000, 0x000000061fc00000|100%| E|CS|TAMS 0x000000061f800000, 0x000000061f800000| Complete 
| 122|0x000000061fc00000, 0x0000000620000000, 0x0000000620000000|100%| E|CS|TAMS 0x000000061fc00000, 0x000000061fc00000| Complete 
| 123|0x0000000620000000, 0x0000000620400000, 0x0000000620400000|100%| E|CS|TAMS 0x0000000620000000, 0x0000000620000000| Complete 
| 124|0x0000000620400000, 0x0000000620800000, 0x0000000620800000|100%| E|CS|TAMS 0x0000000620400000, 0x0000000620400000| Complete 
| 125|0x0000000620800000, 0x0000000620c00000, 0x0000000620c00000|100%| E|CS|TAMS 0x0000000620800000, 0x0000000620800000| Complete 
| 126|0x0000000620c00000, 0x0000000621000000, 0x0000000621000000|100%| E|CS|TAMS 0x0000000620c00000, 0x0000000620c00000| Complete 
| 127|0x0000000621000000, 0x0000000621400000, 0x0000000621400000|100%| E|CS|TAMS 0x0000000621000000, 0x0000000621000000| Complete 

Card table byte_map: [0x0000023db0990000,0x0000023db1990000] _byte_map_base: 0x0000023dad986000

Marking Bits (Prev, Next): (CMBitMap*) 0x0000023d9cf34670, (CMBitMap*) 0x0000023d9cf346b0
 Prev Bits: [0x0000023db2990000, 0x0000023dba940000)
 Next Bits: [0x0000023dba940000, 0x0000023dc28f0000)

Polling page: 0x0000023d9aeb0000

Metaspace:

Usage:
  Non-class:     11.72 MB used.
      Class:      1.19 MB used.
       Both:     12.92 MB used.

Virtual space:
  Non-class space:       16.00 MB reserved,      11.81 MB ( 74%) committed,  2 nodes.
      Class space:        1.00 GB reserved,       1.31 MB ( <1%) committed,  1 nodes.
              Both:        1.02 GB reserved,      13.12 MB (  1%) committed. 

Chunk freelists:
   Non-Class:  245.00 KB
       Class:  2.74 MB
        Both:  2.98 MB

MaxMetaspaceSize: 17179869184.00 GB
CompressedClassSpaceSize: 1.00 GB
 - commit_granule_bytes: 65536.
 - commit_granule_words: 8192.
 - virtual_space_node_default_size: 1048576.
 - enlarge_chunks_in_place: 1.
 - new_chunks_are_fully_committed: 0.
 - uncommit_free_chunks: 1.
 - use_allocation_guard: 0.
 - handle_deallocations: 1.


Internal statistics:

num_allocs_failed_limit: 0.
num_arena_births: 108.
num_arena_deaths: 0.
num_vsnodes_births: 3.
num_vsnodes_deaths: 0.
num_space_committed: 210.
num_space_uncommitted: 0.
num_chunks_returned_to_freelist: 0.
num_chunks_taken_from_freelist: 148.
num_chunk_merges: 0.
num_chunk_splits: 86.
num_chunks_enlarged: 45.
num_purges: 0.

CodeHeap 'non-profiled nmethods': size=120000Kb used=1402Kb max_used=1402Kb free=118597Kb
 bounds [0x0000023da7f10000, 0x0000023da8180000, 0x0000023daf440000]
CodeHeap 'profiled nmethods': size=120000Kb used=2897Kb max_used=2897Kb free=117102Kb
 bounds [0x0000023da09e0000, 0x0000023da0cc0000, 0x0000023da7f10000]
CodeHeap 'non-nmethods': size=5760Kb used=1246Kb max_used=1310Kb free=4513Kb
 bounds [0x0000023da0440000, 0x0000023da06b0000, 0x0000023da09e0000]
 total_blobs=2350 nmethods=1792 adapters=471
 compilation: enabled
              stopped_count=0, restarted_count=0
 full_count=0

Compilation events (20 events):
Event: 190.498 Thread 0x0000023dc60971e0 nmethod 1792 0x0000023da0caca90 code [0x0000023da0cacc40, 0x0000023da0cacdf8]
Event: 190.498 Thread 0x0000023dc60971e0 1793       3       java.util.concurrent.locks.AbstractQueuedSynchronizer$ConditionObject::enableWait (84 bytes)
Event: 190.499 Thread 0x0000023dc60971e0 nmethod 1793 0x0000023da0cacf10 code [0x0000023da0cad140, 0x0000023da0cad8c8]
Event: 190.499 Thread 0x0000023dc60971e0 1796       3       java.util.concurrent.locks.AbstractQueuedSynchronizer$ConditionObject::doSignal (54 bytes)
Event: 190.499 Thread 0x0000023dc60971e0 nmethod 1796 0x0000023da0cadb90 code [0x0000023da0cadd60, 0x0000023da0cae138]
Event: 190.499 Thread 0x0000023dc60971e0 1797       3       java.util.concurrent.locks.AbstractQueuedSynchronizer::enqueue (60 bytes)
Event: 190.500 Thread 0x0000023dc60971e0 nmethod 1797 0x0000023da0cae290 code [0x0000023da0cae480, 0x0000023da0cae938]
Event: 190.500 Thread 0x0000023dc60971e0 1798 %     3       rad.jFrame.jframeTest::init @ 129 (150 bytes)
Event: 190.503 Thread 0x0000023dc60971e0 nmethod 1798% 0x0000023da0caeb10 code [0x0000023da0caeec0, 0x0000023da0cb09d8]
Event: 190.503 Thread 0x0000023dc60971e0 1799   !   3       java.util.concurrent.ForkJoinPool::managedBlock (158 bytes)
Event: 190.505 Thread 0x0000023dc60971e0 nmethod 1799 0x0000023da0cb1190 code [0x0000023da0cb14a0, 0x0000023da0cb2cf8]
Event: 190.506 Thread 0x0000023dc60971e0 1800       3       java.util.concurrent.locks.AbstractQueuedSynchronizer$Node::setStatusRelaxed (12 bytes)
Event: 190.506 Thread 0x0000023dc60971e0 nmethod 1800 0x0000023da0cb3310 code [0x0000023da0cb34a0, 0x0000023da0cb35b8]
Event: 190.515 Thread 0x0000023dc60971e0 1802       3       javax.swing.JLabel::setText (107 bytes)
Event: 190.516 Thread 0x0000023dc60971e0 nmethod 1802 0x0000023da0cb3690 code [0x0000023da0cb38c0, 0x0000023da0cb3fb8]
Event: 190.517 Thread 0x0000023dd03f5830 1801       4       java.awt.EventQueue::eventToCacheIndex (80 bytes)
Event: 190.519 Thread 0x0000023dd03f5830 nmethod 1801 0x0000023da806e810 code [0x0000023da806e9a0, 0x0000023da806ea98]
Event: 190.519 Thread 0x0000023dd03f5830 1786       4       java.beans.PropertyChangeSupport::firePropertyChange (35 bytes)
Event: 190.535 Thread 0x0000023dc60971e0 1806       3       java.util.concurrent.locks.AbstractQueuedSynchronizer::signalNext (34 bytes)
Event: 190.535 Thread 0x0000023dc60971e0 nmethod 1806 0x0000023da0cb4190 code [0x0000023da0cb4360, 0x0000023da0cb4638]

GC Heap History (20 events):
Event: 172.354 GC heap before
{Heap before GC invocations=83 (full 0):
 garbage-first heap   total 524288K, used 309073K [0x0000000601400000, 0x0000000800000000)
  region size 4096K, 76 young (311296K), 1 survivors (4096K)
 Metaspace       used 13016K, committed 13248K, reserved 1064960K
  class space    used 1203K, committed 1344K, reserved 1048576K
}
Event: 172.354 GC heap after
{Heap after GC invocations=84 (full 0):
 garbage-first heap   total 524288K, used 1871K [0x0000000601400000, 0x0000000800000000)
  region size 4096K, 1 young (4096K), 1 survivors (4096K)
 Metaspace       used 13016K, committed 13248K, reserved 1064960K
  class space    used 1203K, committed 1344K, reserved 1048576K
}
Event: 174.466 GC heap before
{Heap before GC invocations=84 (full 0):
 garbage-first heap   total 524288K, used 309071K [0x0000000601400000, 0x0000000800000000)
  region size 4096K, 76 young (311296K), 1 survivors (4096K)
 Metaspace       used 13016K, committed 13248K, reserved 1064960K
  class space    used 1203K, committed 1344K, reserved 1048576K
}
Event: 174.466 GC heap after
{Heap after GC invocations=85 (full 0):
 garbage-first heap   total 524288K, used 1873K [0x0000000601400000, 0x0000000800000000)
  region size 4096K, 1 young (4096K), 1 survivors (4096K)
 Metaspace       used 13016K, committed 13248K, reserved 1064960K
  class space    used 1203K, committed 1344K, reserved 1048576K
}
Event: 176.508 GC heap before
{Heap before GC invocations=85 (full 0):
 garbage-first heap   total 524288K, used 309073K [0x0000000601400000, 0x0000000800000000)
  region size 4096K, 76 young (311296K), 1 survivors (4096K)
 Metaspace       used 13016K, committed 13248K, reserved 1064960K
  class space    used 1203K, committed 1344K, reserved 1048576K
}
Event: 176.508 GC heap after
{Heap after GC invocations=86 (full 0):
 garbage-first heap   total 524288K, used 1871K [0x0000000601400000, 0x0000000800000000)
  region size 4096K, 1 young (4096K), 1 survivors (4096K)
 Metaspace       used 13016K, committed 13248K, reserved 1064960K
  class space    used 1203K, committed 1344K, reserved 1048576K
}
Event: 178.483 GC heap before
{Heap before GC invocations=86 (full 0):
 garbage-first heap   total 524288K, used 309071K [0x0000000601400000, 0x0000000800000000)
  region size 4096K, 76 young (311296K), 1 survivors (4096K)
 Metaspace       used 13016K, committed 13248K, reserved 1064960K
  class space    used 1203K, committed 1344K, reserved 1048576K
}
Event: 178.484 GC heap after
{Heap after GC invocations=87 (full 0):
 garbage-first heap   total 524288K, used 1873K [0x0000000601400000, 0x0000000800000000)
  region size 4096K, 1 young (4096K), 1 survivors (4096K)
 Metaspace       used 13016K, committed 13248K, reserved 1064960K
  class space    used 1203K, committed 1344K, reserved 1048576K
}
Event: 180.513 GC heap before
{Heap before GC invocations=87 (full 0):
 garbage-first heap   total 524288K, used 309073K [0x0000000601400000, 0x0000000800000000)
  region size 4096K, 76 young (311296K), 1 survivors (4096K)
 Metaspace       used 13016K, committed 13248K, reserved 1064960K
  class space    used 1203K, committed 1344K, reserved 1048576K
}
Event: 180.514 GC heap after
{Heap after GC invocations=88 (full 0):
 garbage-first heap   total 524288K, used 1873K [0x0000000601400000, 0x0000000800000000)
  region size 4096K, 1 young (4096K), 1 survivors (4096K)
 Metaspace       used 13016K, committed 13248K, reserved 1064960K
  class space    used 1203K, committed 1344K, reserved 1048576K
}
Event: 182.515 GC heap before
{Heap before GC invocations=88 (full 0):
 garbage-first heap   total 524288K, used 309073K [0x0000000601400000, 0x0000000800000000)
  region size 4096K, 76 young (311296K), 1 survivors (4096K)
 Metaspace       used 13016K, committed 13248K, reserved 1064960K
  class space    used 1203K, committed 1344K, reserved 1048576K
}
Event: 182.516 GC heap after
{Heap after GC invocations=89 (full 0):
 garbage-first heap   total 524288K, used 1875K [0x0000000601400000, 0x0000000800000000)
  region size 4096K, 1 young (4096K), 1 survivors (4096K)
 Metaspace       used 13016K, committed 13248K, reserved 1064960K
  class space    used 1203K, committed 1344K, reserved 1048576K
}
Event: 184.368 GC heap before
{Heap before GC invocations=89 (full 0):
 garbage-first heap   total 524288K, used 309075K [0x0000000601400000, 0x0000000800000000)
  region size 4096K, 76 young (311296K), 1 survivors (4096K)
 Metaspace       used 13016K, committed 13248K, reserved 1064960K
  class space    used 1203K, committed 1344K, reserved 1048576K
}
Event: 184.369 GC heap after
{Heap after GC invocations=90 (full 0):
 garbage-first heap   total 524288K, used 1871K [0x0000000601400000, 0x0000000800000000)
  region size 4096K, 1 young (4096K), 1 survivors (4096K)
 Metaspace       used 13016K, committed 13248K, reserved 1064960K
  class space    used 1203K, committed 1344K, reserved 1048576K
}
Event: 186.229 GC heap before
{Heap before GC invocations=90 (full 0):
 garbage-first heap   total 524288K, used 309071K [0x0000000601400000, 0x0000000800000000)
  region size 4096K, 76 young (311296K), 1 survivors (4096K)
 Metaspace       used 13016K, committed 13248K, reserved 1064960K
  class space    used 1203K, committed 1344K, reserved 1048576K
}
Event: 186.230 GC heap after
{Heap after GC invocations=91 (full 0):
 garbage-first heap   total 524288K, used 1873K [0x0000000601400000, 0x0000000800000000)
  region size 4096K, 1 young (4096K), 1 survivors (4096K)
 Metaspace       used 13016K, committed 13248K, reserved 1064960K
  class space    used 1203K, committed 1344K, reserved 1048576K
}
Event: 188.119 GC heap before
{Heap before GC invocations=91 (full 0):
 garbage-first heap   total 524288K, used 309073K [0x0000000601400000, 0x0000000800000000)
  region size 4096K, 76 young (311296K), 1 survivors (4096K)
 Metaspace       used 13016K, committed 13248K, reserved 1064960K
  class space    used 1203K, committed 1344K, reserved 1048576K
}
Event: 188.119 GC heap after
{Heap after GC invocations=92 (full 0):
 garbage-first heap   total 524288K, used 1873K [0x0000000601400000, 0x0000000800000000)
  region size 4096K, 1 young (4096K), 1 survivors (4096K)
 Metaspace       used 13016K, committed 13248K, reserved 1064960K
  class space    used 1203K, committed 1344K, reserved 1048576K
}
Event: 189.938 GC heap before
{Heap before GC invocations=92 (full 0):
 garbage-first heap   total 524288K, used 309073K [0x0000000601400000, 0x0000000800000000)
  region size 4096K, 76 young (311296K), 1 survivors (4096K)
 Metaspace       used 13016K, committed 13248K, reserved 1064960K
  class space    used 1203K, committed 1344K, reserved 1048576K
}
Event: 189.938 GC heap after
{Heap after GC invocations=93 (full 0):
 garbage-first heap   total 524288K, used 1875K [0x0000000601400000, 0x0000000800000000)
  region size 4096K, 1 young (4096K), 1 survivors (4096K)
 Metaspace       used 13016K, committed 13248K, reserved 1064960K
  class space    used 1203K, committed 1344K, reserved 1048576K
}

Deoptimization events (20 events):
Event: 190.460 Thread 0x0000023dcff00960 Uncommon trap: trap_request=0xffffff45 fr.pc=0x0000023da7f93a78 relative=0x0000000000000058
Event: 190.460 Thread 0x0000023dcff00960 Uncommon trap: reason=unstable_if action=reinterpret pc=0x0000023da7f93a78 method=java.util.IdentityHashMap.isEmpty()Z @ 4 c2
Event: 190.460 Thread 0x0000023dcff00960 DEOPT PACKING pc=0x0000023da7f93a78 sp=0x0000004107dcea00
Event: 190.460 Thread 0x0000023dcff00960 DEOPT UNPACKING pc=0x0000023da048d72e sp=0x0000004107dce988 mode 2
Event: 190.490 Thread 0x0000023d9cec3230 Uncommon trap: trap_request=0xffffff45 fr.pc=0x0000023da802eaf4 relative=0x0000000000000f94
Event: 190.490 Thread 0x0000023d9cec3230 Uncommon trap: reason=unstable_if action=reinterpret pc=0x0000023da802eaf4 method=java.util.concurrent.locks.AbstractQueuedSynchronizer.acquire(Ljava/util/concurrent/locks/AbstractQueuedSynchronizer$Node;IZZZJ)I @ 99 c2
Event: 190.490 Thread 0x0000023d9cec3230 DEOPT PACKING pc=0x0000023da802eaf4 sp=0x00000041063fefe0
Event: 190.490 Thread 0x0000023d9cec3230 DEOPT UNPACKING pc=0x0000023da048d72e sp=0x00000041063fef70 mode 2
Event: 190.497 Thread 0x0000023d9cec3230 Uncommon trap: trap_request=0xffffff45 fr.pc=0x0000023da7fc0f08 relative=0x00000000000028c8
Event: 190.497 Thread 0x0000023d9cec3230 Uncommon trap: reason=unstable_if action=reinterpret pc=0x0000023da7fc0f08 method=jdk.internal.misc.Unsafe.getAndBitwiseAndInt(Ljava/lang/Object;JI)I @ 21 c2
Event: 190.497 Thread 0x0000023d9cec3230 DEOPT PACKING pc=0x0000023da7fc0f08 sp=0x00000041063ff080
Event: 190.497 Thread 0x0000023d9cec3230 DEOPT UNPACKING pc=0x0000023da048d72e sp=0x00000041063fea70 mode 2
Event: 190.515 Thread 0x0000023d9cec3230 Uncommon trap: trap_request=0xffffff45 fr.pc=0x0000023da7fb7c68 relative=0x0000000000002248
Event: 190.515 Thread 0x0000023d9cec3230 Uncommon trap: reason=unstable_if action=reinterpret pc=0x0000023da7fb7c68 method=jdk.internal.misc.Unsafe.getAndBitwiseAndInt(Ljava/lang/Object;JI)I @ 21 c2
Event: 190.515 Thread 0x0000023d9cec3230 DEOPT PACKING pc=0x0000023da7fb7c68 sp=0x00000041063fef60
Event: 190.515 Thread 0x0000023d9cec3230 DEOPT UNPACKING pc=0x0000023da048d72e sp=0x00000041063fe9c0 mode 2
Event: 190.533 Thread 0x0000023dcff00960 Uncommon trap: trap_request=0xffffff45 fr.pc=0x0000023da7fb1a30 relative=0x0000000000000090
Event: 190.533 Thread 0x0000023dcff00960 Uncommon trap: reason=unstable_if action=reinterpret pc=0x0000023da7fb1a30 method=jdk.internal.misc.Unsafe.getAndBitwiseAndInt(Ljava/lang/Object;JI)I @ 21 c2
Event: 190.533 Thread 0x0000023dcff00960 DEOPT PACKING pc=0x0000023da7fb1a30 sp=0x0000004107dced00
Event: 190.533 Thread 0x0000023dcff00960 DEOPT UNPACKING pc=0x0000023da048d72e sp=0x0000004107dceba0 mode 2

Classes unloaded (0 events):
No events

Classes redefined (0 events):
No events

Internal exceptions (20 events):
Event: 0.200 Thread 0x0000023d9cec3230 Exception <a 'java/lang/ClassNotFoundException'{0x000000062119e1e8}: sun/awt/resources/spi/awtProvider> (0x000000062119e1e8) 
thrown [t:\workspace\open\src\hotspot\share\classfile\systemDictionary.cpp, line 256]
Event: 0.257 Thread 0x0000023d9cec3230 Exception <a 'java/io/FileNotFoundException'{0x00000006211fdf80}> (0x00000006211fdf80) 
thrown [t:\workspace\open\src\hotspot\share\prims\jni.cpp, line 579]
Event: 0.267 Thread 0x0000023d9cec3230 Exception <a 'java/io/FileNotFoundException'{0x000000062122c8f8}> (0x000000062122c8f8) 
thrown [t:\workspace\open\src\hotspot\share\prims\jni.cpp, line 579]
Event: 0.268 Thread 0x0000023d9cec3230 Exception <a 'java/lang/NoSuchMethodError'{0x000000062122dd50}: 'java.lang.Object java.lang.invoke.DirectMethodHandle$Holder.invokeStatic(java.lang.Object)'> (0x000000062122dd50) 
thrown [t:\workspace\open\src\hotspot\share\interpreter\linkResolver.cpp, line 790]
Event: 0.283 Thread 0x0000023d9cec3230 Exception <a 'java/lang/NoSuchMethodError'{0x000000062123bb70}: 'void java.lang.invoke.DirectMethodHandle$Holder.invokeSpecial(java.lang.Object, java.lang.Object, java.lang.Object)'> (0x000000062123bb70) 
thrown [t:\workspace\open\src\hotspot\share\interpreter\linkResolver.cpp, line 790]
Event: 0.358 Thread 0x0000023d9cec3230 Exception <a 'java/lang/NoSuchMethodError'{0x000000062129e910}: 'java.lang.Object java.lang.invoke.DirectMethodHandle$Holder.invokeStaticInit(java.lang.Object)'> (0x000000062129e910) 
thrown [t:\workspace\open\src\hotspot\share\interpreter\linkResolver.cpp, line 790]
Event: 0.413 Thread 0x0000023d9cec3230 Exception <a 'java/lang/NoSuchMethodError'{0x000000062136af88}: 'java.lang.Object java.lang.invoke.DirectMethodHandle$Holder.newInvokeSpecial(java.lang.Object, java.lang.Object, java.lang.Object, java.lang.Object, java.lang.Object)'> (0x000000062136af88) 
thrown [t:\workspace\open\src\hotspot\share\interpreter\linkResolver.cpp, line 790]
Event: 0.416 Thread 0x0000023d9cec3230 Exception <a 'java/lang/NoSuchMethodError'{0x0000000621376a70}: 'java.lang.Object java.lang.invoke.DirectMethodHandle$Holder.invokeStatic(java.lang.Object, int, java.lang.Object, java.lang.Object, java.lang.Object, java.lang.Object)'> (0x0000000621376a70) 
thrown [t:\workspace\open\src\hotspot\share\interpreter\linkResolver.cpp, line 790]
Event: 0.423 Thread 0x0000023d9cec3230 Exception <a 'java/lang/NoSuchMethodError'{0x000000062139cb38}: 'java.lang.Object java.lang.invoke.DirectMethodHandle$Holder.invokeStatic(java.lang.Object, int, java.lang.Object)'> (0x000000062139cb38) 
thrown [t:\workspace\open\src\hotspot\share\interpreter\linkResolver.cpp, line 790]
Event: 0.468 Thread 0x0000023d9cec3230 Exception <a 'java/lang/ClassNotFoundException'{0x0000000620c579b8}: com/sun/swing/internal/plaf/metal/resources/spi/metalProvider> (0x0000000620c579b8) 
thrown [t:\workspace\open\src\hotspot\share\classfile\systemDictionary.cpp, line 256]
Event: 0.470 Thread 0x0000023d9cec3230 Exception <a 'java/lang/ClassNotFoundException'{0x0000000620c5bbe8}: com/sun/swing/internal/plaf/basic/resources/spi/basicProvider> (0x0000000620c5bbe8) 
thrown [t:\workspace\open\src\hotspot\share\classfile\systemDictionary.cpp, line 256]
Event: 0.869 Thread 0x0000023d9cec3230 Exception <a 'java/lang/NoSuchMethodError'{0x0000000620ca9e90}: 'void java.lang.invoke.DirectMethodHandle$Holder.invokeStaticInit(java.lang.Object)'> (0x0000000620ca9e90) 
thrown [t:\workspace\open\src\hotspot\share\interpreter\linkResolver.cpp, line 790]
Event: 0.949 Thread 0x0000023dc64b7a50 Exception <a 'java/lang/NoSuchMethodError'{0x00000006212f1cf8}: 'void java.lang.invoke.DirectMethodHandle$Holder.invokeVirtual(java.lang.Object, java.lang.Object)'> (0x00000006212f1cf8) 
thrown [t:\workspace\open\src\hotspot\share\interpreter\linkResolver.cpp, line 790]
Event: 1.053 Thread 0x0000023dcff00960 Implicit null exception at 0x0000023da7f45460 to 0x0000023da7f465d4
Event: 1.053 Thread 0x0000023dcff00960 Implicit null exception at 0x0000023da7f49b60 to 0x0000023da7f4a8a4
Event: 8.971 Thread 0x0000023dcff00960 Implicit null exception at 0x0000023da7f5ee0b to 0x0000023da7f602c4
Event: 8.971 Thread 0x0000023dcff00960 Implicit null exception at 0x0000023da7f5bb8a to 0x0000023da7f5cad0
Event: 8.971 Thread 0x0000023dcff00960 Implicit null exception at 0x0000023da7fcb444 to 0x0000023da7fcc3d4
Event: 8.972 Thread 0x0000023dcff00960 Implicit null exception at 0x0000023da7f919e0 to 0x0000023da7f91c2f
Event: 190.460 Thread 0x0000023dcff00960 Implicit null exception at 0x0000023da7f55b06 to 0x0000023da7f56ec4

Events (20 events):
Event: 190.441 loading class sun/awt/image/IntegerInterleavedRaster done
Event: 190.441 loading class sun/awt/image/NativeLibLoader
Event: 190.441 loading class sun/awt/image/NativeLibLoader done
Event: 190.441 loading class sun/awt/image/NativeLibLoader$1
Event: 190.441 loading class sun/awt/image/NativeLibLoader$1 done
Event: 190.442 loading class java/awt/image/BufferedImage
Event: 190.443 loading class java/awt/image/WritableRenderedImage
Event: 190.443 loading class java/awt/image/RenderedImage
Event: 190.443 loading class java/awt/image/RenderedImage done
Event: 190.443 loading class java/awt/image/WritableRenderedImage done
Event: 190.443 loading class java/awt/image/BufferedImage done
Event: 190.443 loading class java/awt/image/BufferedImage$1
Event: 190.443 loading class java/awt/image/BufferedImage$1 done
Event: 190.444 loading class sun/awt/image/BufImgSurfaceData
Event: 190.444 loading class sun/awt/image/BufImgSurfaceData done
Event: 190.444 loading class sun/awt/image/BufImgSurfaceData$ICMColorData
Event: 190.444 loading class sun/awt/image/BufImgSurfaceData$ICMColorData done
Event: 190.444 loading class sun/java2d/loops/RenderLoops
Event: 190.444 loading class sun/java2d/loops/RenderLoops done
Event: 190.517 Thread 0x0000023dd03f5830 Thread added: 0x0000023dd03f5830


Dynamic libraries:
0x00007ff73cb20000 - 0x00007ff73cb2e000 	C:\Users\RadsammyT\.p2\pool\plugins\org.eclipse.justj.openjdk.hotspot.jre.full.win32.x86_64_16.0.2.v20210721-1149\jre\bin\javaw.exe
0x00007ff8db6f0000 - 0x00007ff8db8e5000 	C:\WINDOWS\SYSTEM32\ntdll.dll
0x00007ff8da1d0000 - 0x00007ff8da28e000 	C:\WINDOWS\System32\KERNEL32.DLL
0x00007ff8d9060000 - 0x00007ff8d9329000 	C:\WINDOWS\System32\KERNELBASE.dll
0x00007ff8d9640000 - 0x00007ff8d9740000 	C:\WINDOWS\System32\ucrtbase.dll
0x00007ff8c9860000 - 0x00007ff8c9878000 	C:\Users\RadsammyT\.p2\pool\plugins\org.eclipse.justj.openjdk.hotspot.jre.full.win32.x86_64_16.0.2.v20210721-1149\jre\bin\jli.dll
0x00007ff8c9840000 - 0x00007ff8c9859000 	C:\Users\RadsammyT\.p2\pool\plugins\org.eclipse.justj.openjdk.hotspot.jre.full.win32.x86_64_16.0.2.v20210721-1149\jre\bin\VCRUNTIME140.dll
0x00007ff8d9740000 - 0x00007ff8d98e1000 	C:\WINDOWS\System32\USER32.dll
0x00007ff8d94b0000 - 0x00007ff8d94d2000 	C:\WINDOWS\System32\win32u.dll
0x00007ff8da550000 - 0x00007ff8da57b000 	C:\WINDOWS\System32\GDI32.dll
0x00007ff8c70b0000 - 0x00007ff8c734a000 	C:\WINDOWS\WinSxS\amd64_microsoft.windows.common-controls_6595b64144ccf1df_6.0.19041.1110_none_60b5254171f9507e\COMCTL32.dll
0x00007ff8d8f50000 - 0x00007ff8d905b000 	C:\WINDOWS\System32\gdi32full.dll
0x00007ff8d9ea0000 - 0x00007ff8d9f3e000 	C:\WINDOWS\System32\msvcrt.dll
0x00007ff8d9330000 - 0x00007ff8d93cd000 	C:\WINDOWS\System32\msvcp_win.dll
0x00007ff8da3e0000 - 0x00007ff8da410000 	C:\WINDOWS\System32\IMM32.DLL
0x00007ff8cb620000 - 0x00007ff8cb62c000 	C:\Users\RadsammyT\.p2\pool\plugins\org.eclipse.justj.openjdk.hotspot.jre.full.win32.x86_64_16.0.2.v20210721-1149\jre\bin\vcruntime140_1.dll
0x00007ff87e7d0000 - 0x00007ff87e861000 	C:\Users\RadsammyT\.p2\pool\plugins\org.eclipse.justj.openjdk.hotspot.jre.full.win32.x86_64_16.0.2.v20210721-1149\jre\bin\msvcp140.dll
0x00007ff8741d0000 - 0x00007ff874d7b000 	C:\Users\RadsammyT\.p2\pool\plugins\org.eclipse.justj.openjdk.hotspot.jre.full.win32.x86_64_16.0.2.v20210721-1149\jre\bin\server\jvm.dll
0x00007ff8d9f40000 - 0x00007ff8d9fec000 	C:\WINDOWS\System32\ADVAPI32.dll
0x00007ff8da7a0000 - 0x00007ff8da83b000 	C:\WINDOWS\System32\sechost.dll
0x00007ff8da410000 - 0x00007ff8da53a000 	C:\WINDOWS\System32\RPCRT4.dll
0x00007ff8da540000 - 0x00007ff8da548000 	C:\WINDOWS\System32\PSAPI.DLL
0x00007ff8c6de0000 - 0x00007ff8c6de9000 	C:\WINDOWS\SYSTEM32\WSOCK32.dll
0x00007ff8d74c0000 - 0x00007ff8d74e7000 	C:\WINDOWS\SYSTEM32\WINMM.dll
0x00007ff8db560000 - 0x00007ff8db5cb000 	C:\WINDOWS\System32\WS2_32.dll
0x00007ff8d74f0000 - 0x00007ff8d74fa000 	C:\WINDOWS\SYSTEM32\VERSION.dll
0x00007ff8d7900000 - 0x00007ff8d7912000 	C:\WINDOWS\SYSTEM32\kernel.appcore.dll
0x00007ff8c97e0000 - 0x00007ff8c97ea000 	C:\Users\RadsammyT\.p2\pool\plugins\org.eclipse.justj.openjdk.hotspot.jre.full.win32.x86_64_16.0.2.v20210721-1149\jre\bin\jimage.dll
0x00007ff8d72d0000 - 0x00007ff8d74b4000 	C:\WINDOWS\SYSTEM32\DBGHELP.DLL
0x00007ff8d72a0000 - 0x00007ff8d72cc000 	C:\WINDOWS\SYSTEM32\dbgcore.DLL
0x00007ff8d8e10000 - 0x00007ff8d8e93000 	C:\WINDOWS\System32\bcryptPrimitives.dll
0x00007ff8b2bc0000 - 0x00007ff8b2be5000 	C:\Users\RadsammyT\.p2\pool\plugins\org.eclipse.justj.openjdk.hotspot.jre.full.win32.x86_64_16.0.2.v20210721-1149\jre\bin\java.dll
0x00007ff8b3180000 - 0x00007ff8b3198000 	C:\Users\RadsammyT\.p2\pool\plugins\org.eclipse.justj.openjdk.hotspot.jre.full.win32.x86_64_16.0.2.v20210721-1149\jre\bin\zip.dll
0x00007ff8da9d0000 - 0x00007ff8db10f000 	C:\WINDOWS\System32\SHELL32.dll
0x00007ff8d6b00000 - 0x00007ff8d7290000 	C:\WINDOWS\SYSTEM32\windows.storage.dll
0x00007ff8db110000 - 0x00007ff8db465000 	C:\WINDOWS\System32\combase.dll
0x00007ff8d8860000 - 0x00007ff8d888c000 	C:\WINDOWS\SYSTEM32\Wldp.dll
0x00007ff8da8a0000 - 0x00007ff8da94e000 	C:\WINDOWS\System32\SHCORE.dll
0x00007ff8da840000 - 0x00007ff8da895000 	C:\WINDOWS\System32\shlwapi.dll
0x00007ff8d8d50000 - 0x00007ff8d8d6f000 	C:\WINDOWS\SYSTEM32\profapi.dll
0x00007ff885250000 - 0x00007ff8853cf000 	C:\Users\RadsammyT\.p2\pool\plugins\org.eclipse.justj.openjdk.hotspot.jre.full.win32.x86_64_16.0.2.v20210721-1149\jre\bin\awt.dll
0x00007ff8da100000 - 0x00007ff8da1cd000 	C:\WINDOWS\System32\OLEAUT32.dll
0x00007ff8d62a0000 - 0x00007ff8d6330000 	C:\WINDOWS\SYSTEM32\apphelp.dll
0x00007ff8d63c0000 - 0x00007ff8d645e000 	C:\WINDOWS\system32\uxtheme.dll
0x00007ff8d9d80000 - 0x00007ff8d9e95000 	C:\WINDOWS\System32\MSCTF.dll
0x00007ff8da2b0000 - 0x00007ff8da3da000 	C:\WINDOWS\System32\ole32.dll
0x00007ff8d6770000 - 0x00007ff8d679f000 	C:\WINDOWS\system32\DWMAPI.DLL
0x00007ff896850000 - 0x00007ff896975000 	C:\WINDOWS\system32\opengl32.dll
0x00007ff8b35f0000 - 0x00007ff8b361c000 	C:\WINDOWS\SYSTEM32\GLU32.dll
0x00007ff8be2e0000 - 0x00007ff8be4ae000 	C:\WINDOWS\system32\d3d9.dll
0x00007ff8bd740000 - 0x00007ff8bd846000 	C:\WINDOWS\System32\DriverStore\FileRepository\nv_dispi.inf_amd64_253e24b785ea60ca\nvldumdx.dll
0x00007ff8d89f0000 - 0x00007ff8d8a02000 	C:\WINDOWS\SYSTEM32\msasn1.dll
0x00007ff8d2c40000 - 0x00007ff8d2c71000 	C:\WINDOWS\SYSTEM32\cryptnet.dll
0x00007ff8d94e0000 - 0x00007ff8d9636000 	C:\WINDOWS\System32\CRYPT32.dll
0x00007ff8d0670000 - 0x00007ff8d07ba000 	C:\WINDOWS\SYSTEM32\drvstore.dll
0x00007ff8d8bb0000 - 0x00007ff8d8be4000 	C:\WINDOWS\SYSTEM32\devobj.dll
0x00007ff8d9460000 - 0x00007ff8d94ae000 	C:\WINDOWS\System32\cfgmgr32.dll
0x00007ff8d87d0000 - 0x00007ff8d87dc000 	C:\WINDOWS\SYSTEM32\cryptbase.dll
0x00007ff8d93d0000 - 0x00007ff8d9430000 	C:\WINDOWS\System32\WINTRUST.DLL
0x00007ff8da290000 - 0x00007ff8da2ad000 	C:\WINDOWS\System32\imagehlp.dll
0x00007ff8d87b0000 - 0x00007ff8d87c8000 	C:\WINDOWS\SYSTEM32\CRYPTSP.dll
0x00007ff8d7ed0000 - 0x00007ff8d7f04000 	C:\WINDOWS\system32\rsaenh.dll
0x00007ff8d9430000 - 0x00007ff8d9457000 	C:\WINDOWS\System32\bcrypt.dll
0x00007ff852350000 - 0x00007ff853c00000 	C:\WINDOWS\System32\DriverStore\FileRepository\nv_dispi.inf_amd64_253e24b785ea60ca\nvd3dumx.dll
0x00007ff8994d0000 - 0x00007ff899793000 	C:\WINDOWS\system32\nvspcap64.dll
0x00007ff8d7b00000 - 0x00007ff8d7b33000 	C:\WINDOWS\SYSTEM32\ntmarta.dll
0x00007ff8d76b0000 - 0x00007ff8d76d3000 	C:\WINDOWS\SYSTEM32\gpapi.dll
0x00007ff8bd700000 - 0x00007ff8bd73b000 	C:\WINDOWS\SYSTEM32\dxcore.dll
0x00007ff885610000 - 0x00007ff885699000 	C:\Users\RadsammyT\.p2\pool\plugins\org.eclipse.justj.openjdk.hotspot.jre.full.win32.x86_64_16.0.2.v20210721-1149\jre\bin\freetype.dll
0x00007ff87e6d0000 - 0x00007ff87e7c6000 	C:\Users\RadsammyT\.p2\pool\plugins\org.eclipse.justj.openjdk.hotspot.jre.full.win32.x86_64_16.0.2.v20210721-1149\jre\bin\harfbuzz.dll
0x00007ff8b1ca0000 - 0x00007ff8b1cb2000 	C:\Users\RadsammyT\.p2\pool\plugins\org.eclipse.justj.openjdk.hotspot.jre.full.win32.x86_64_16.0.2.v20210721-1149\jre\bin\fontmanager.dll
0x00007ff8be740000 - 0x00007ff8be839000 	C:\WINDOWS\SYSTEM32\textinputframework.dll
0x00007ff8d5c70000 - 0x00007ff8d5fce000 	C:\WINDOWS\System32\CoreUIComponents.dll
0x00007ff8d6020000 - 0x00007ff8d6112000 	C:\WINDOWS\System32\CoreMessaging.dll
0x00007ff8d55a0000 - 0x00007ff8d56f4000 	C:\WINDOWS\SYSTEM32\wintypes.dll
0x00007ff8cc640000 - 0x00007ff8cc6a6000 	C:\WINDOWS\system32\Oleacc.dll
0x00007ff8b2d10000 - 0x00007ff8b2d29000 	C:\Users\RadsammyT\.p2\pool\plugins\org.eclipse.justj.openjdk.hotspot.jre.full.win32.x86_64_16.0.2.v20210721-1149\jre\bin\net.dll
0x00007ff8d13d0000 - 0x00007ff8d14d8000 	C:\WINDOWS\SYSTEM32\WINHTTP.dll
0x00007ff8d85c0000 - 0x00007ff8d862a000 	C:\WINDOWS\system32\mswsock.dll
0x00007ff8b2ba0000 - 0x00007ff8b2bb3000 	C:\Users\RadsammyT\.p2\pool\plugins\org.eclipse.justj.openjdk.hotspot.jre.full.win32.x86_64_16.0.2.v20210721-1149\jre\bin\nio.dll

dbghelp: loaded successfully - version: 4.0.5 - missing functions: none
symbol engine: initialized successfully - sym options: 0x614 - pdb path: .;C:\Users\RadsammyT\.p2\pool\plugins\org.eclipse.justj.openjdk.hotspot.jre.full.win32.x86_64_16.0.2.v20210721-1149\jre\bin;C:\WINDOWS\SYSTEM32;C:\WINDOWS\WinSxS\amd64_microsoft.windows.common-controls_6595b64144ccf1df_6.0.19041.1110_none_60b5254171f9507e;C:\Users\RadsammyT\.p2\pool\plugins\org.eclipse.justj.openjdk.hotspot.jre.full.win32.x86_64_16.0.2.v20210721-1149\jre\bin\server;C:\WINDOWS\System32\DriverStore\FileRepository\nv_dispi.inf_amd64_253e24b785ea60ca

VM Arguments:
jvm_args: -Dfile.encoding=Cp1252 -XX:+ShowCodeDetailsInExceptionMessages 
java_command: playground.Main
java_class_path (initial): C:\Users\RadsammyT\eclipse-workspace\playground
Launcher Type: SUN_STANDARD

[Global flags]
     intx CICompilerCount                          = 4                                         {product} {ergonomic}
     uint ConcGCThreads                            = 3                                         {product} {ergonomic}
     uint G1ConcRefinementThreads                  = 10                                        {product} {ergonomic}
   size_t G1HeapRegionSize                         = 4194304                                   {product} {ergonomic}
    uintx GCDrainStackTargetSize                   = 64                                        {product} {ergonomic}
   size_t InitialHeapSize                          = 536870912                                 {product} {ergonomic}
   size_t MarkStackSize                            = 4194304                                   {product} {ergonomic}
   size_t MaxHeapSize                              = 8568963072                                {product} {ergonomic}
   size_t MaxNewSize                               = 5138022400                                {product} {ergonomic}
   size_t MinHeapDeltaBytes                        = 4194304                                   {product} {ergonomic}
   size_t MinHeapSize                              = 8388608                                   {product} {ergonomic}
    uintx NonNMethodCodeHeapSize                   = 5839372                                {pd product} {ergonomic}
    uintx NonProfiledCodeHeapSize                  = 122909434                              {pd product} {ergonomic}
    uintx ProfiledCodeHeapSize                     = 122909434                              {pd product} {ergonomic}
    uintx ReservedCodeCacheSize                    = 251658240                              {pd product} {ergonomic}
     bool SegmentedCodeCache                       = true                                      {product} {ergonomic}
     bool ShowCodeDetailsInExceptionMessages       = true                                   {manageable} {command line}
   size_t SoftMaxHeapSize                          = 8568963072                             {manageable} {ergonomic}
     bool UseCompressedClassPointers               = true                           {product lp64_product} {ergonomic}
     bool UseCompressedOops                        = true                           {product lp64_product} {ergonomic}
     bool UseG1GC                                  = true                                      {product} {ergonomic}
     bool UseLargePagesIndividualAllocation        = false                                  {pd product} {ergonomic}

Logging:
Log output configuration:
 #0: stdout all=warning uptime,level,tags
 #1: stderr all=off uptime,level,tags

Environment Variables:
PATH=C:/Users/RadsammyT/.p2/pool/plugins/org.eclipse.justj.openjdk.hotspot.jre.full.win32.x86_64_16.0.2.v20210721-1149/jre/bin/server;C:/Users/RadsammyT/.p2/pool/plugins/org.eclipse.justj.openjdk.hotspot.jre.full.win32.x86_64_16.0.2.v20210721-1149/jre/bin;C:\Program Files\NVIDIA GPU Computing Toolkit\CUDA\v10.0\bin;C:\Program Files\NVIDIA GPU Computing Toolkit\CUDA\v10.0\libnvvp;C:\Program Files\AdoptOpenJDK\jdk-8.0.222.10-hotspot\bin;C:\Program Files (x86)\Common Files\Oracle\Java\javapath;C:\Program Files (x86)\Intel\Intel(R) Management Engine Components\iCLS\;C:\Program Files\Intel\Intel(R) Management Engine Components\iCLS\;C:\Windows\system32;C:\Windows;C:\Windows\System32\Wbem;C:\Windows\System32\WindowsPowerShell\v1.0\;C:\Windows\System32\OpenSSH\;C:\Program Files\Intel\WiFi\bin\;C:\Program Files\Common Files\Intel\WirelessCommon\;C:\Program Files\NVIDIA Corporation\NVIDIA NvDLISR;C:\WINDOWS\system32;C:\WINDOWS;C:\WINDOWS\System32\Wbem;C:\WINDOWS\System32\WindowsPowerShell\v1.0\;C:\WINDOWS\System32\OpenSSH\;C:\Program Files (x86)\NVIDIA Corporation\PhysX\Common;C:\ProgramData\chocolatey\bin;C:\Program Files\Git\cmd;C:\WINDOWS\system32;C:\WINDOWS;C:\WINDOWS\System32\Wbem;C:\WINDOWS\System32\WindowsPowerShell\v1.0\;C:\WINDOWS\System32\OpenSSH\;C:\Program Files (x86)\Intel\Intel(R) Management Engine Components\DAL;C:\Program Files\Intel\Intel(R) Management Engine Components\DAL;C:\Program Files\nodejs\;C:\Program Files\dotnet\;C:\Users\RadsammyT\AppData\Local\Programs\Python\Python39\Scripts\;C:\Users\RadsammyT\AppData\Local\Programs\Python\Python39\;C:\Users\RadsammyT\AppData\Local\Microsoft\WindowsApps;;D:\fiddler;C:\Users\RadsammyT\AppData\Roaming\npm;%USERPROFILE%\AppData\Local\Microsoft\WindowsApps;E:\ninfs;C:\WINDOWS\system32;
USERNAME=RadsammyT
OS=Windows_NT
PROCESSOR_IDENTIFIER=Intel64 Family 6 Model 158 Stepping 10, GenuineIntel



---------------  S Y S T E M  ---------------

OS:
 Windows 10 , 64 bit Build 19041 (10.0.19041.1202)
OS uptime: 3 days 13:41 hours

CPU: total 12 (initial active 12) (6 cores per cpu, 2 threads per core) family 6 model 158 stepping 10 microcode 0xd6, cx8, cmov, fxsr, ht, mmx, 3dnowpref, sse, sse2, sse3, ssse3, sse4.1, sse4.2, popcnt, lzcnt, tsc, tscinvbit, avx, avx2, aes, erms, clmul, bmi1, bmi2, rtm, adx, fma, vzeroupper, clflush, clflushopt

Memory: 4k page, system-wide physical 32687M (17588M free)
TotalPageFile size 36990M (AvailPageFile size 13M)
current process WorkingSet (physical memory assigned to process): 400M, peak: 435M
current process commit charge ("private bytes"): 664M, peak: 701M

vm_info: OpenJDK 64-Bit Server VM (16.0.2+7-67) for windows-amd64 JRE (16.0.2+7-67), built on Jun  8 2021 23:21:43 by "mach5one" with MS VC++ 16.7 (VS2019)

END.
